TN:
SF:/Developer/Projects/ui-listView/src/ui-listView.js
FN:9,(anonymous_1)
FN:9,defineProperties
FN:9,(anonymous_3)
FN:11,_classCallCheck
FN:23,safeDigest
FN:38,(anonymous_6)
FN:39,UIListView
FN:49,setOptions
FN:65,requestOffsetUpdate
FN:73,(anonymous_10)
FN:89,updateRowOffsets
FN:113,updateCells
FN:149,updateAnchor
FN:166,updateRange
FN:216,setViewport
FN:231,layout
FN:247,getScrollHeight
FN:260,getCellStyle
FN:267,_addDefaultOptions
FN:283,reload
FN:304,_clear
FN:323,_rebuildRows
FN:353,_findVisibleRowIndex
FN:392,_callCellDelegate
FN:404,(anonymous_25)
FN:422,compile
FN:430,(anonymous_27)
FN:437,updateListView
FN:442,(anonymous_29)
FN:448,(anonymous_30)
FN:450,(anonymous_31)
FN:455,(anonymous_32)
FN:457,(anonymous_33)
FN:461,handleScroll
FN:468,(anonymous_35)
FN:479,handleResize
FN:485,(anonymous_37)
FNF:37
FNH:26
FNDA:1,(anonymous_1)
FNDA:1,defineProperties
FNDA:1,(anonymous_3)
FNDA:9,_classCallCheck
FNDA:0,safeDigest
FNDA:1,(anonymous_6)
FNDA:9,UIListView
FNDA:16,setOptions
FNDA:0,requestOffsetUpdate
FNDA:0,(anonymous_10)
FNDA:0,updateRowOffsets
FNDA:0,updateCells
FNDA:16,updateAnchor
FNDA:16,updateRange
FNDA:16,setViewport
FNDA:16,layout
FNDA:16,getScrollHeight
FNDA:0,getCellStyle
FNDA:16,_addDefaultOptions
FNDA:25,reload
FNDA:18,_clear
FNDA:25,_rebuildRows
FNDA:16,_findVisibleRowIndex
FNDA:0,_callCellDelegate
FNDA:10,(anonymous_25)
FNDA:10,compile
FNDA:7,(anonymous_27)
FNDA:14,updateListView
FNDA:7,(anonymous_29)
FNDA:14,(anonymous_30)
FNDA:7,(anonymous_31)
FNDA:14,(anonymous_32)
FNDA:7,(anonymous_33)
FNDA:0,handleScroll
FNDA:0,(anonymous_35)
FNDA:0,handleResize
FNDA:0,(anonymous_37)
DA:9,16
DA:11,9
DA:13,1
DA:15,1
DA:16,1
DA:23,1
DA:24,0
DA:25,0
DA:38,1
DA:39,1
DA:40,9
DA:42,9
DA:43,9
DA:44,9
DA:47,1
DA:50,16
DA:51,16
DA:52,16
DA:53,16
DA:66,0
DA:68,0
DA:69,0
DA:70,0
DA:73,0
DA:74,0
DA:75,0
DA:76,0
DA:79,0
DA:90,0
DA:91,0
DA:92,0
DA:93,0
DA:94,0
DA:96,0
DA:97,0
DA:98,0
DA:99,0
DA:100,0
DA:102,0
DA:104,0
DA:114,0
DA:115,0
DA:116,0
DA:117,0
DA:118,0
DA:119,0
DA:121,0
DA:122,0
DA:123,0
DA:124,0
DA:125,0
DA:126,0
DA:128,0
DA:129,0
DA:131,0
DA:132,0
DA:133,0
DA:134,0
DA:135,0
DA:136,0
DA:138,0
DA:139,0
DA:150,16
DA:151,16
DA:152,16
DA:153,14
DA:154,14
DA:156,16
DA:167,16
DA:168,16
DA:169,16
DA:171,16
DA:172,16
DA:174,16
DA:175,16
DA:176,16
DA:178,16
DA:180,16
DA:182,16
DA:183,16
DA:184,16
DA:185,16
DA:186,16
DA:187,16
DA:190,16
DA:191,16
DA:192,16
DA:193,16
DA:194,16
DA:197,16
DA:200,16
DA:205,16
DA:217,16
DA:221,16
DA:232,16
DA:233,16
DA:234,0
DA:235,0
DA:237,16
DA:248,16
DA:249,16
DA:250,16
DA:261,0
DA:268,16
DA:269,16
DA:270,15
DA:284,25
DA:285,18
DA:286,18
DA:288,7
DA:290,25
DA:291,0
DA:293,25
DA:305,18
DA:306,18
DA:307,9
DA:309,18
DA:324,25
DA:325,25
DA:326,25
DA:328,25
DA:329,28
DA:330,28
DA:331,28
DA:336,28
DA:337,28
DA:338,28
DA:339,28
DA:354,16
DA:355,16
DA:356,16
DA:357,16
DA:358,16
DA:361,16
DA:362,16
DA:365,16
DA:366,0
DA:367,0
DA:368,0
DA:369,0
DA:370,0
DA:372,0
DA:374,0
DA:377,16
DA:393,0
DA:394,0
DA:395,0
DA:400,1
DA:403,1
DA:404,1
DA:412,10
DA:423,10
DA:424,10
DA:425,3
DA:427,7
DA:428,7
DA:430,7
DA:431,7
DA:432,7
DA:437,1
DA:438,14
DA:439,14
DA:442,7
DA:443,7
DA:446,7
DA:447,7
DA:448,7
DA:449,14
DA:451,7
DA:452,7
DA:455,7
DA:456,14
DA:458,7
DA:461,1
DA:462,0
DA:463,0
DA:464,0
DA:465,0
DA:467,0
DA:468,0
DA:469,0
DA:470,0
DA:474,7
DA:479,1
DA:480,0
DA:481,0
DA:483,7
DA:485,7
DA:486,0
LF:189
LH:119
BRDA:9,1,0,16
BRDA:9,1,1,16
BRDA:9,2,0,16
BRDA:9,2,1,0
BRDA:9,3,0,1
BRDA:9,3,1,0
BRDA:9,4,0,0
BRDA:9,4,1,1
BRDA:11,5,0,0
BRDA:11,5,1,9
BRDA:24,6,0,0
BRDA:24,6,1,0
BRDA:69,7,0,0
BRDA:69,7,1,0
BRDA:90,8,0,0
BRDA:90,8,1,0
BRDA:99,9,0,0
BRDA:99,9,1,0
BRDA:125,10,0,0
BRDA:125,10,1,0
BRDA:128,11,0,0
BRDA:128,11,1,0
BRDA:135,12,0,0
BRDA:135,12,1,0
BRDA:152,13,0,14
BRDA:152,13,1,2
BRDA:182,14,0,32
BRDA:182,14,1,16
BRDA:183,15,0,16
BRDA:183,15,1,0
BRDA:185,16,0,16
BRDA:185,16,1,0
BRDA:185,17,0,16
BRDA:185,17,1,0
BRDA:190,18,0,16
BRDA:190,18,1,0
BRDA:192,19,0,16
BRDA:192,19,1,0
BRDA:192,20,0,16
BRDA:192,20,1,0
BRDA:205,21,0,16
BRDA:205,21,1,16
BRDA:233,22,0,0
BRDA:233,22,1,16
BRDA:250,23,0,0
BRDA:250,23,1,16
BRDA:269,24,0,15
BRDA:269,24,1,1
BRDA:269,25,0,16
BRDA:269,25,1,15
BRDA:284,26,0,18
BRDA:284,26,1,7
BRDA:284,27,0,25
BRDA:284,27,1,18
BRDA:284,27,2,7
BRDA:290,28,0,0
BRDA:290,28,1,25
BRDA:306,29,0,9
BRDA:306,29,1,9
BRDA:306,30,0,18
BRDA:306,30,1,9
BRDA:330,31,0,28
BRDA:330,31,1,0
BRDA:361,32,0,16
BRDA:361,32,1,0
BRDA:365,33,0,16
BRDA:365,33,1,16
BRDA:367,34,0,0
BRDA:367,34,1,0
BRDA:369,35,0,0
BRDA:369,35,1,0
BRDA:394,36,0,0
BRDA:394,36,1,0
BRDA:424,37,0,3
BRDA:424,37,1,7
BRDA:443,38,0,7
BRDA:443,38,1,4
BRDA:449,39,0,14
BRDA:449,39,1,0
BRDA:462,40,0,0
BRDA:462,40,1,0
BRF:81
BRH:43
end_of_record
TN:
SF:/Developer/Projects/ui-listView/src/ui-listViewAnchor.js
FN:11,(anonymous_1)
FN:15,link
FN:19,updateAnchor
FNF:3
FNH:3
FNDA:7,(anonymous_1)
FNDA:7,link
FNDA:14,updateAnchor
DA:11,1
DA:13,7
DA:16,7
DA:18,7
DA:20,14
LF:5
LH:5
BRF:0
BRH:0
end_of_record
TN:
SF:/Developer/Projects/ui-listView/src/ui-listViewCell.js
FN:17,(anonymous_1)
FN:21,link
FN:26,(anonymous_3)
FN:34,updateOffset
FN:38,updateSize
FN:47,updateRow
FN:55,(anonymous_7)
FN:57,(anonymous_8)
FNF:8
FNH:1
FNDA:7,(anonymous_1)
FNDA:0,link
FNDA:0,(anonymous_3)
FNDA:0,updateOffset
FNDA:0,updateSize
FNDA:0,updateRow
FNDA:0,(anonymous_7)
FNDA:0,(anonymous_8)
DA:17,1
DA:19,7
DA:22,0
DA:23,0
DA:24,0
DA:26,0
DA:27,0
DA:28,0
DA:29,0
DA:30,0
DA:31,0
DA:34,1
DA:35,0
DA:38,1
DA:39,0
DA:40,0
DA:41,0
DA:42,0
DA:43,0
DA:47,1
DA:48,0
DA:49,0
DA:50,0
DA:51,0
DA:52,0
DA:55,0
DA:56,0
DA:58,0
DA:61,0
DA:66,0
LF:30
LH:5
BRDA:41,1,0,0
BRDA:41,1,1,0
BRF:2
BRH:0
end_of_record
