TN:
SF:/home/slambion1/Documents/ui-listView/src/ui-listView.js
FN:9,(anonymous_1)
FN:9,defineProperties
FN:9,(anonymous_3)
FN:11,_classCallCheck
FN:23,safeDigest
FN:38,(anonymous_6)
FN:39,UIListView
FN:55,setOptions
FN:70,reload
FN:92,requestOffsetUpdate
FN:100,(anonymous_11)
FN:116,updateRowOffsets
FN:140,updateCells
FN:181,updateAnchor
FN:198,updateRange
FN:248,setViewport
FN:263,layout
FN:279,getScrollHeight
FN:293,getCellStyle
FN:306,_addDefaultOptions
FN:322,_clear
FN:341,_rebuildRows
FN:371,_findVisibleRowIndex
FN:410,_callCellDelegate
FN:422,(anonymous_25)
FN:440,compile
FN:448,(anonymous_27)
FN:455,updateListView
FN:459,(anonymous_29)
FN:465,(anonymous_30)
FN:467,(anonymous_31)
FN:475,(anonymous_32)
FN:477,(anonymous_33)
FN:481,handleScroll
FN:488,(anonymous_35)
FN:499,handleResize
FN:504,(anonymous_37)
FNF:37
FNH:26
FNDA:1,(anonymous_1)
FNDA:1,defineProperties
FNDA:1,(anonymous_3)
FNDA:9,_classCallCheck
FNDA:0,safeDigest
FNDA:1,(anonymous_6)
FNDA:9,UIListView
FNDA:16,setOptions
FNDA:25,reload
FNDA:0,requestOffsetUpdate
FNDA:0,(anonymous_11)
FNDA:0,updateRowOffsets
FNDA:0,updateCells
FNDA:16,updateAnchor
FNDA:16,updateRange
FNDA:16,setViewport
FNDA:16,layout
FNDA:16,getScrollHeight
FNDA:0,getCellStyle
FNDA:16,_addDefaultOptions
FNDA:18,_clear
FNDA:25,_rebuildRows
FNDA:16,_findVisibleRowIndex
FNDA:0,_callCellDelegate
FNDA:10,(anonymous_25)
FNDA:10,compile
FNDA:7,(anonymous_27)
FNDA:14,updateListView
FNDA:7,(anonymous_29)
FNDA:14,(anonymous_30)
FNDA:7,(anonymous_31)
FNDA:14,(anonymous_32)
FNDA:7,(anonymous_33)
FNDA:0,handleScroll
FNDA:0,(anonymous_35)
FNDA:0,handleResize
FNDA:0,(anonymous_37)
DA:9,16
DA:11,9
DA:13,1
DA:15,1
DA:16,1
DA:23,1
DA:24,0
DA:25,0
DA:38,1
DA:39,1
DA:40,9
DA:42,9
DA:43,9
DA:44,9
DA:53,1
DA:56,16
DA:57,16
DA:58,16
DA:59,16
DA:71,25
DA:72,18
DA:73,18
DA:75,7
DA:77,25
DA:78,0
DA:80,25
DA:93,0
DA:95,0
DA:96,0
DA:97,0
DA:100,0
DA:101,0
DA:102,0
DA:103,0
DA:106,0
DA:117,0
DA:118,0
DA:119,0
DA:120,0
DA:121,0
DA:123,0
DA:124,0
DA:125,0
DA:126,0
DA:127,0
DA:129,0
DA:131,0
DA:141,0
DA:142,0
DA:143,0
DA:144,0
DA:145,0
DA:146,0
DA:149,0
DA:150,0
DA:153,0
DA:154,0
DA:155,0
DA:156,0
DA:157,0
DA:158,0
DA:160,0
DA:161,0
DA:163,0
DA:164,0
DA:165,0
DA:166,0
DA:167,0
DA:168,0
DA:170,0
DA:171,0
DA:182,16
DA:183,16
DA:184,16
DA:185,14
DA:186,14
DA:188,16
DA:199,16
DA:200,16
DA:201,16
DA:203,16
DA:204,16
DA:206,16
DA:207,16
DA:208,16
DA:210,16
DA:212,16
DA:214,16
DA:215,16
DA:216,16
DA:217,16
DA:218,16
DA:219,16
DA:222,16
DA:223,16
DA:224,16
DA:225,16
DA:226,16
DA:229,16
DA:232,16
DA:237,16
DA:249,16
DA:253,16
DA:264,16
DA:265,16
DA:266,0
DA:267,0
DA:269,16
DA:280,16
DA:281,16
DA:282,16
DA:294,0
DA:307,16
DA:308,16
DA:309,15
DA:323,18
DA:324,18
DA:325,9
DA:327,18
DA:342,25
DA:343,25
DA:344,25
DA:346,25
DA:347,28
DA:348,28
DA:349,28
DA:354,28
DA:355,28
DA:356,28
DA:357,28
DA:372,16
DA:373,16
DA:374,16
DA:375,16
DA:376,16
DA:379,16
DA:380,16
DA:383,16
DA:384,0
DA:385,0
DA:386,0
DA:387,0
DA:388,0
DA:390,0
DA:392,0
DA:395,16
DA:411,0
DA:412,0
DA:413,0
DA:418,1
DA:421,1
DA:422,1
DA:430,10
DA:441,10
DA:442,10
DA:443,3
DA:445,7
DA:446,7
DA:448,7
DA:449,7
DA:450,7
DA:455,1
DA:456,14
DA:459,7
DA:460,7
DA:463,7
DA:464,7
DA:465,7
DA:466,14
DA:468,7
DA:469,7
DA:475,7
DA:476,14
DA:478,7
DA:481,1
DA:482,0
DA:483,0
DA:484,0
DA:485,0
DA:487,0
DA:488,0
DA:489,0
DA:490,0
DA:494,7
DA:499,1
DA:500,0
DA:502,7
DA:504,7
DA:505,0
LF:189
LH:118
BRDA:9,1,0,16
BRDA:9,1,1,16
BRDA:9,2,0,16
BRDA:9,2,1,0
BRDA:9,3,0,1
BRDA:9,3,1,0
BRDA:9,4,0,0
BRDA:9,4,1,1
BRDA:11,5,0,0
BRDA:11,5,1,9
BRDA:24,6,0,0
BRDA:24,6,1,0
BRDA:71,7,0,18
BRDA:71,7,1,7
BRDA:71,8,0,25
BRDA:71,8,1,18
BRDA:71,8,2,7
BRDA:77,9,0,0
BRDA:77,9,1,25
BRDA:96,10,0,0
BRDA:96,10,1,0
BRDA:117,11,0,0
BRDA:117,11,1,0
BRDA:126,12,0,0
BRDA:126,12,1,0
BRDA:149,13,0,0
BRDA:149,13,1,0
BRDA:149,14,0,0
BRDA:149,14,1,0
BRDA:157,15,0,0
BRDA:157,15,1,0
BRDA:160,16,0,0
BRDA:160,16,1,0
BRDA:167,17,0,0
BRDA:167,17,1,0
BRDA:184,18,0,14
BRDA:184,18,1,2
BRDA:214,19,0,32
BRDA:214,19,1,16
BRDA:215,20,0,16
BRDA:215,20,1,0
BRDA:217,21,0,16
BRDA:217,21,1,0
BRDA:217,22,0,16
BRDA:217,22,1,0
BRDA:222,23,0,16
BRDA:222,23,1,0
BRDA:224,24,0,16
BRDA:224,24,1,0
BRDA:224,25,0,16
BRDA:224,25,1,0
BRDA:237,26,0,16
BRDA:237,26,1,16
BRDA:265,27,0,0
BRDA:265,27,1,16
BRDA:282,28,0,0
BRDA:282,28,1,16
BRDA:308,29,0,15
BRDA:308,29,1,1
BRDA:308,30,0,16
BRDA:308,30,1,15
BRDA:324,31,0,9
BRDA:324,31,1,9
BRDA:324,32,0,18
BRDA:324,32,1,9
BRDA:348,33,0,28
BRDA:348,33,1,0
BRDA:379,34,0,16
BRDA:379,34,1,0
BRDA:383,35,0,16
BRDA:383,35,1,16
BRDA:385,36,0,0
BRDA:385,36,1,0
BRDA:387,37,0,0
BRDA:387,37,1,0
BRDA:412,38,0,0
BRDA:412,38,1,0
BRDA:442,39,0,3
BRDA:442,39,1,7
BRDA:460,40,0,7
BRDA:460,40,1,4
BRDA:466,41,0,14
BRDA:466,41,1,0
BRDA:482,42,0,0
BRDA:482,42,1,0
BRF:85
BRH:43
end_of_record
TN:
SF:/home/slambion1/Documents/ui-listView/src/ui-listViewAnchor.js
FN:11,(anonymous_1)
FN:15,link
FN:19,updateAnchor
FNF:3
FNH:3
FNDA:7,(anonymous_1)
FNDA:7,link
FNDA:14,updateAnchor
DA:11,1
DA:13,7
DA:16,7
DA:18,7
DA:20,14
LF:5
LH:5
BRF:0
BRH:0
end_of_record
TN:
SF:/home/slambion1/Documents/ui-listView/src/ui-listViewCell.js
FN:17,(anonymous_1)
FN:21,link
FN:26,(anonymous_3)
FN:34,updateOffset
FN:38,updateSize
FN:47,updateRow
FN:55,(anonymous_7)
FN:57,(anonymous_8)
FNF:8
FNH:1
FNDA:7,(anonymous_1)
FNDA:0,link
FNDA:0,(anonymous_3)
FNDA:0,updateOffset
FNDA:0,updateSize
FNDA:0,updateRow
FNDA:0,(anonymous_7)
FNDA:0,(anonymous_8)
DA:17,1
DA:19,7
DA:22,0
DA:23,0
DA:24,0
DA:26,0
DA:27,0
DA:28,0
DA:29,0
DA:30,0
DA:31,0
DA:34,1
DA:35,0
DA:38,1
DA:39,0
DA:40,0
DA:41,0
DA:42,0
DA:43,0
DA:47,1
DA:48,0
DA:49,0
DA:50,0
DA:51,0
DA:52,0
DA:55,0
DA:56,0
DA:58,0
DA:61,0
DA:66,0
LF:30
LH:5
BRDA:41,1,0,0
BRDA:41,1,1,0
BRF:2
BRH:0
end_of_record
