TN:
SF:/Developer/Projects/ui-listView/src/ui-listView.js
FN:9,(anonymous_1)
FN:9,defineProperties
FN:9,(anonymous_3)
FN:11,_classCallCheck
FN:23,safeDigest
FN:38,(anonymous_6)
FN:39,UIListView
FN:54,setOptions
FN:69,reload
FN:91,requestOffsetUpdate
FN:99,(anonymous_11)
FN:114,updateRowOffsets
FN:138,updateCells
FN:180,updateAnchor
FN:197,updateRange
FN:247,setViewport
FN:262,layout
FN:278,getScrollHeight
FN:292,getCellStyle
FN:305,_addDefaultOptions
FN:321,_clear
FN:341,_rebuildRows
FN:371,_findVisibleRowIndex
FN:399,_callDelegate
FN:418,_callCellDelegate
FN:430,(anonymous_26)
FN:448,compile
FN:456,(anonymous_28)
FN:461,getItemIdentifier
FN:465,throttle
FN:475,updateListView
FN:479,(anonymous_32)
FN:485,(anonymous_33)
FN:487,(anonymous_34)
FN:495,(anonymous_35)
FN:497,(anonymous_36)
FN:501,handleScroll
FN:508,(anonymous_38)
FN:519,handleResize
FN:524,(anonymous_40)
FNF:40
FNH:26
FNDA:1,(anonymous_1)
FNDA:1,defineProperties
FNDA:1,(anonymous_3)
FNDA:9,_classCallCheck
FNDA:0,safeDigest
FNDA:1,(anonymous_6)
FNDA:9,UIListView
FNDA:16,setOptions
FNDA:25,reload
FNDA:0,requestOffsetUpdate
FNDA:0,(anonymous_11)
FNDA:0,updateRowOffsets
FNDA:0,updateCells
FNDA:16,updateAnchor
FNDA:16,updateRange
FNDA:16,setViewport
FNDA:16,layout
FNDA:16,getScrollHeight
FNDA:0,getCellStyle
FNDA:16,_addDefaultOptions
FNDA:18,_clear
FNDA:25,_rebuildRows
FNDA:16,_findVisibleRowIndex
FNDA:0,_callDelegate
FNDA:0,_callCellDelegate
FNDA:10,(anonymous_26)
FNDA:10,compile
FNDA:7,(anonymous_28)
FNDA:0,getItemIdentifier
FNDA:0,throttle
FNDA:14,updateListView
FNDA:7,(anonymous_32)
FNDA:14,(anonymous_33)
FNDA:7,(anonymous_34)
FNDA:14,(anonymous_35)
FNDA:7,(anonymous_36)
FNDA:0,handleScroll
FNDA:0,(anonymous_38)
FNDA:0,handleResize
FNDA:0,(anonymous_40)
DA:9,17
DA:11,9
DA:13,1
DA:15,1
DA:16,1
DA:23,1
DA:24,0
DA:25,0
DA:38,1
DA:39,1
DA:40,9
DA:42,9
DA:43,9
DA:52,1
DA:55,16
DA:56,16
DA:57,16
DA:58,16
DA:70,25
DA:71,18
DA:72,18
DA:74,7
DA:76,25
DA:77,0
DA:79,25
DA:92,0
DA:94,0
DA:95,0
DA:96,0
DA:99,0
DA:100,0
DA:101,0
DA:104,0
DA:115,0
DA:116,0
DA:117,0
DA:118,0
DA:119,0
DA:121,0
DA:122,0
DA:123,0
DA:124,0
DA:125,0
DA:127,0
DA:129,0
DA:139,0
DA:140,0
DA:141,0
DA:142,0
DA:143,0
DA:144,0
DA:147,0
DA:148,0
DA:151,0
DA:152,0
DA:153,0
DA:154,0
DA:155,0
DA:156,0
DA:158,0
DA:159,0
DA:161,0
DA:162,0
DA:163,0
DA:164,0
DA:165,0
DA:166,0
DA:167,0
DA:169,0
DA:170,0
DA:181,16
DA:182,16
DA:183,16
DA:184,14
DA:185,14
DA:187,16
DA:198,16
DA:199,16
DA:200,16
DA:202,16
DA:203,16
DA:205,16
DA:206,16
DA:207,16
DA:209,16
DA:211,16
DA:213,16
DA:214,16
DA:215,16
DA:216,16
DA:217,16
DA:218,16
DA:221,16
DA:222,16
DA:223,16
DA:224,16
DA:225,16
DA:228,16
DA:231,16
DA:236,16
DA:248,16
DA:252,16
DA:263,16
DA:264,16
DA:265,0
DA:266,0
DA:268,16
DA:279,16
DA:280,16
DA:281,16
DA:293,0
DA:306,16
DA:307,16
DA:308,15
DA:322,18
DA:323,18
DA:324,9
DA:326,18
DA:327,18
DA:342,25
DA:343,25
DA:344,25
DA:346,25
DA:347,28
DA:348,28
DA:349,28
DA:354,28
DA:355,28
DA:356,28
DA:357,28
DA:372,16
DA:373,16
DA:374,16
DA:375,16
DA:376,16
DA:379,16
DA:380,16
DA:383,16
DA:384,0
DA:385,0
DA:386,0
DA:387,0
DA:388,0
DA:390,0
DA:392,0
DA:395,16
DA:400,0
DA:401,0
DA:402,0
DA:419,0
DA:420,0
DA:421,0
DA:426,1
DA:429,1
DA:430,1
DA:438,10
DA:449,10
DA:450,10
DA:451,3
DA:453,7
DA:454,7
DA:456,7
DA:457,7
DA:459,7
DA:462,0
DA:466,0
DA:467,0
DA:475,1
DA:476,14
DA:479,7
DA:480,7
DA:483,7
DA:484,7
DA:485,7
DA:486,14
DA:488,7
DA:489,7
DA:495,7
DA:496,14
DA:498,7
DA:501,1
DA:502,0
DA:503,0
DA:504,0
DA:505,0
DA:507,0
DA:508,0
DA:509,0
DA:510,0
DA:514,7
DA:519,1
DA:520,0
DA:522,7
DA:524,7
DA:525,0
LF:195
LH:118
BRDA:9,1,0,17
BRDA:9,1,1,17
BRDA:9,2,0,17
BRDA:9,2,1,0
BRDA:9,3,0,1
BRDA:9,3,1,0
BRDA:9,4,0,0
BRDA:9,4,1,1
BRDA:11,5,0,0
BRDA:11,5,1,9
BRDA:24,6,0,0
BRDA:24,6,1,0
BRDA:70,7,0,18
BRDA:70,7,1,7
BRDA:70,8,0,25
BRDA:70,8,1,18
BRDA:70,8,2,7
BRDA:76,9,0,0
BRDA:76,9,1,25
BRDA:95,10,0,0
BRDA:95,10,1,0
BRDA:115,11,0,0
BRDA:115,11,1,0
BRDA:124,12,0,0
BRDA:124,12,1,0
BRDA:147,13,0,0
BRDA:147,13,1,0
BRDA:147,14,0,0
BRDA:147,14,1,0
BRDA:155,15,0,0
BRDA:155,15,1,0
BRDA:158,16,0,0
BRDA:158,16,1,0
BRDA:166,17,0,0
BRDA:166,17,1,0
BRDA:183,18,0,14
BRDA:183,18,1,2
BRDA:213,19,0,32
BRDA:213,19,1,16
BRDA:214,20,0,16
BRDA:214,20,1,0
BRDA:216,21,0,16
BRDA:216,21,1,0
BRDA:216,22,0,16
BRDA:216,22,1,0
BRDA:221,23,0,16
BRDA:221,23,1,0
BRDA:223,24,0,16
BRDA:223,24,1,0
BRDA:223,25,0,16
BRDA:223,25,1,0
BRDA:236,26,0,16
BRDA:236,26,1,16
BRDA:264,27,0,0
BRDA:264,27,1,16
BRDA:281,28,0,0
BRDA:281,28,1,16
BRDA:307,29,0,15
BRDA:307,29,1,1
BRDA:307,30,0,16
BRDA:307,30,1,15
BRDA:323,31,0,9
BRDA:323,31,1,9
BRDA:323,32,0,18
BRDA:323,32,1,9
BRDA:348,33,0,28
BRDA:348,33,1,0
BRDA:379,34,0,16
BRDA:379,34,1,0
BRDA:383,35,0,16
BRDA:383,35,1,16
BRDA:385,36,0,0
BRDA:385,36,1,0
BRDA:387,37,0,0
BRDA:387,37,1,0
BRDA:401,38,0,0
BRDA:401,38,1,0
BRDA:420,39,0,0
BRDA:420,39,1,0
BRDA:450,40,0,3
BRDA:450,40,1,7
BRDA:480,41,0,7
BRDA:480,41,1,4
BRDA:486,42,0,14
BRDA:486,42,1,0
BRDA:502,43,0,0
BRDA:502,43,1,0
BRF:87
BRH:43
end_of_record
TN:
SF:/Developer/Projects/ui-listView/src/ui-listViewAnchor.js
FN:11,(anonymous_1)
FN:15,link
FN:19,updateAnchor
FNF:3
FNH:3
FNDA:7,(anonymous_1)
FNDA:7,link
FNDA:14,updateAnchor
DA:11,1
DA:13,7
DA:16,7
DA:18,7
DA:20,14
LF:5
LH:5
BRF:0
BRH:0
end_of_record
TN:
SF:/Developer/Projects/ui-listView/src/ui-listViewCell.js
FN:17,(anonymous_1)
FN:21,link
FN:26,(anonymous_3)
FN:34,updateOffset
FN:38,updateSize
FN:48,updateRow
FN:56,(anonymous_7)
FN:58,(anonymous_8)
FNF:8
FNH:1
FNDA:7,(anonymous_1)
FNDA:0,link
FNDA:0,(anonymous_3)
FNDA:0,updateOffset
FNDA:0,updateSize
FNDA:0,updateRow
FNDA:0,(anonymous_7)
FNDA:0,(anonymous_8)
DA:17,1
DA:19,7
DA:22,0
DA:23,0
DA:24,0
DA:26,0
DA:27,0
DA:28,0
DA:29,0
DA:30,0
DA:31,0
DA:34,1
DA:35,0
DA:38,1
DA:39,0
DA:40,0
DA:41,0
DA:43,0
DA:44,0
DA:48,1
DA:49,0
DA:50,0
DA:51,0
DA:52,0
DA:53,0
DA:56,0
DA:57,0
DA:59,0
DA:62,0
DA:67,0
LF:30
LH:5
BRDA:41,1,0,0
BRDA:41,1,1,0
BRF:2
BRH:0
end_of_record
